<?xml version="1.0" encoding="UTF-8"?>
<!-- Generated by org.testng.reporters.JUnitReportReporter -->
<testsuite hostname="LAPTOP-KPRNONBC" failures="0" tests="1" name="ECommerce.AddCart_PlaceOrder.E_Kart" time="24.876" errors="0" timestamp="2023-02-25T16:48:08 IST" skipped="0">
  <testcase classname="ECommerce.AddCart_PlaceOrder.E_Kart" name="PurchaseItems" time="24.876"/>
  <system-out/>
</testsuite> <!-- ECommerce.AddCart_PlaceOrder.E_Kart -->
